<?xml version="1.0" encoding="UTF-8"?>
<testsuite xmlns:xsi="http://www.w3.org/2001/XMLSchema-instance" xsi:noNamespaceSchemaLocation="https://maven.apache.org/surefire/maven-surefire-plugin/xsd/surefire-test-report.xsd" version="3.0.2" name="com.mobigen.edu.EduApplicationTests" time="18.44" tests="1" errors="0" skipped="0" failures="0">
  <properties>
[...]
</properties>
  <testcase name="contextLoads" classname="com.mobigen.edu.EduApplicationTests" time="1.246">
    <system-out><![CDATA[19:43:39.850 [main] INFO org.springframework.test.context.support.AnnotationConfigContextLoaderUtils -- Could not detect default configuration classes for test class [com.mobigen.edu.EduApplicationTests]: EduApplicationTests does not declare any static, non-private, non-final, nested classes annotated with @Configuration.
19:43:40.283 [main] INFO org.springframework.boot.test.context.SpringBootTestContextBootstrapper -- Found @SpringBootConfiguration com.mobigen.edu.EduApplication for test class com.mobigen.edu.EduApplicationTests
19:43:41.508 [main] INFO org.springframework.boot.devtools.restart.RestartApplicationListener -- Restart disabled due to context in which it is running

  .   ____          _            __ _ _
 /\\ / ___'_ __ _ _(_)_ __  __ _ \ \ \ \
( ( )\___ | '_ | '_| | '_ \/ _` | \ \ \ \
 \\/  ___)| |_)| | | | | || (_| |  ) ) ) )
  '  |____| .__|_| |_|_| |_\__, | / / / /
 =========|_|==============|___/=/_/_/_/

 :: Spring Boot ::                (v3.4.2)

2025-02-20T19:43:42.680+09:00  INFO 12304 --- [edu_swkim] [           main] com.mobigen.edu.EduApplicationTests      : Starting EduApplicationTests using Java 21.0.6 with PID 12304 (started by kim in c:\Users\kim\Documents\swkim\test01\eduapp_swkim)
2025-02-20T19:43:42.684+09:00  INFO 12304 --- [edu_swkim] [           main] com.mobigen.edu.EduApplicationTests      : The following 1 profile is active: "local"
2025-02-20T19:43:45.486+09:00  INFO 12304 --- [edu_swkim] [           main] .s.d.r.c.RepositoryConfigurationDelegate : Bootstrapping Spring Data JPA repositories in DEFAULT mode.
2025-02-20T19:43:45.844+09:00  INFO 12304 --- [edu_swkim] [           main] .s.d.r.c.RepositoryConfigurationDelegate : Finished Spring Data repository scanning in 332 ms. Found 1 JPA repository interface.
2025-02-20T19:43:46.531+09:00  INFO 12304 --- [edu_swkim] [           main] o.s.cloud.context.scope.GenericScope     : BeanFactory id=c16ab246-a5af-3667-ac11-1e0b00974939
2025-02-20T19:43:47.767+09:00  INFO 12304 --- [edu_swkim] [           main] o.hibernate.jpa.internal.util.LogHelper  : HHH000204: Processing PersistenceUnitInfo [name: default]
2025-02-20T19:43:48.038+09:00  INFO 12304 --- [edu_swkim] [           main] org.hibernate.Version                    : HHH000412: Hibernate ORM core version 6.6.5.Final
2025-02-20T19:43:48.118+09:00  INFO 12304 --- [edu_swkim] [           main] o.h.c.internal.RegionFactoryInitiator    : HHH000026: Second-level cache disabled
2025-02-20T19:43:48.967+09:00  INFO 12304 --- [edu_swkim] [           main] o.s.o.j.p.SpringPersistenceUnitInfo      : No LoadTimeWeaver setup: ignoring JPA class transformer
2025-02-20T19:43:49.076+09:00  INFO 12304 --- [edu_swkim] [           main] com.zaxxer.hikari.HikariDataSource       : HikariPool-1 - Starting...
2025-02-20T19:43:49.599+09:00  INFO 12304 --- [edu_swkim] [           main] com.zaxxer.hikari.pool.HikariPool        : HikariPool-1 - Added connection com.mysql.cj.jdbc.ConnectionImpl@5cdda548
2025-02-20T19:43:49.606+09:00  INFO 12304 --- [edu_swkim] [           main] com.zaxxer.hikari.HikariDataSource       : HikariPool-1 - Start completed.
2025-02-20T19:43:49.818+09:00  INFO 12304 --- [edu_swkim] [           main] org.hibernate.orm.connections.pooling    : HHH10001005: Database info:
	Database JDBC URL [Connecting through datasource 'HikariDataSource (HikariPool-1)']
	Database driver: undefined/unknown
	Database version: 8.0.41
	Autocommit mode: undefined/unknown
	Isolation level: undefined/unknown
	Minimum pool size: undefined/unknown
	Maximum pool size: undefined/unknown
2025-02-20T19:43:51.349+09:00  INFO 12304 --- [edu_swkim] [           main] o.h.e.t.j.p.i.JtaPlatformInitiator       : HHH000489: No JTA platform available (set 'hibernate.transaction.jta.platform' to enable JTA platform integration)
2025-02-20T19:43:51.501+09:00  INFO 12304 --- [edu_swkim] [           main] j.LocalContainerEntityManagerFactoryBean : Initialized JPA EntityManagerFactory for persistence unit 'default'
2025-02-20T19:43:53.030+09:00  WARN 12304 --- [edu_swkim] [           main] JpaBaseConfiguration$JpaWebConfiguration : spring.jpa.open-in-view is enabled by default. Therefore, database queries may be performed during view rendering. Explicitly configure spring.jpa.open-in-view to disable this warning
2025-02-20T19:43:53.268+09:00  INFO 12304 --- [edu_swkim] [           main] o.s.v.b.OptionalValidatorFactoryBean     : Failed to set up a Bean Validation provider: jakarta.validation.NoProviderFoundException: Unable to create a Configuration, because no Jakarta Bean Validation provider could be found. Add a provider like Hibernate Validator (RI) to your classpath.
2025-02-20T19:43:55.087+09:00  INFO 12304 --- [edu_swkim] [           main] DiscoveryClientOptionalArgsConfiguration : Eureka HTTP Client uses RestTemplate.
2025-02-20T19:43:55.223+09:00  WARN 12304 --- [edu_swkim] [           main] iguration$LoadBalancerCaffeineWarnLogger : Spring Cloud LoadBalancer is currently working with the default cache. While this cache implementation is useful for development and tests, it's recommended to use Caffeine cache in production.You can switch to using Caffeine cache, by adding it and org.springframework.cache.caffeine.CaffeineCacheManager to the classpath.
2025-02-20T19:43:55.333+09:00  INFO 12304 --- [edu_swkim] [           main] o.s.c.n.eureka.InstanceInfoFactory       : Setting initial instance status as: STARTING
2025-02-20T19:43:55.422+09:00  INFO 12304 --- [edu_swkim] [           main] com.netflix.discovery.DiscoveryClient    : Initializing Eureka in region us-east-1
2025-02-20T19:43:55.432+09:00  INFO 12304 --- [edu_swkim] [           main] c.n.d.s.r.aws.ConfigClusterResolver      : Resolving eureka endpoints via configuration
2025-02-20T19:43:55.450+09:00  INFO 12304 --- [edu_swkim] [           main] com.netflix.discovery.DiscoveryClient    : Disable delta property : false
2025-02-20T19:43:55.451+09:00  INFO 12304 --- [edu_swkim] [           main] com.netflix.discovery.DiscoveryClient    : Single vip registry refresh property : null
2025-02-20T19:43:55.451+09:00  INFO 12304 --- [edu_swkim] [           main] com.netflix.discovery.DiscoveryClient    : Force full registry fetch : false
2025-02-20T19:43:55.451+09:00  INFO 12304 --- [edu_swkim] [           main] com.netflix.discovery.DiscoveryClient    : Application is null : false
2025-02-20T19:43:55.453+09:00  INFO 12304 --- [edu_swkim] [           main] com.netflix.discovery.DiscoveryClient    : Registered Applications size is zero : true
2025-02-20T19:43:55.453+09:00  INFO 12304 --- [edu_swkim] [           main] com.netflix.discovery.DiscoveryClient    : Application version is -1: true
2025-02-20T19:43:55.453+09:00  INFO 12304 --- [edu_swkim] [           main] com.netflix.discovery.DiscoveryClient    : Getting all instance registry info from the eureka server
2025-02-20T19:43:56.362+09:00  INFO 12304 --- [edu_swkim] [           main] com.netflix.discovery.DiscoveryClient    : The response status is 200
2025-02-20T19:43:56.368+09:00  INFO 12304 --- [edu_swkim] [           main] com.netflix.discovery.DiscoveryClient    : Starting heartbeat executor: renew interval is: 30
2025-02-20T19:43:56.374+09:00  INFO 12304 --- [edu_swkim] [           main] c.n.discovery.InstanceInfoReplicator     : InstanceInfoReplicator onDemand update allowed rate per min is 4
2025-02-20T19:43:56.378+09:00  INFO 12304 --- [edu_swkim] [           main] com.netflix.discovery.DiscoveryClient    : Discovery Client initialized at timestamp 1740048236376 with initial instances count: 2
2025-02-20T19:43:56.390+09:00  INFO 12304 --- [edu_swkim] [           main] o.s.c.n.e.s.EurekaServiceRegistry        : Registering application EDU_SWKIM with eureka with status UP
2025-02-20T19:43:56.392+09:00  INFO 12304 --- [edu_swkim] [           main] com.netflix.discovery.DiscoveryClient    : Saw local status change event StatusChangeEvent [timestamp=1740048236392, current=UP, previous=STARTING]
2025-02-20T19:43:56.397+09:00  INFO 12304 --- [edu_swkim] [foReplicator-%d] com.netflix.discovery.DiscoveryClient    : DiscoveryClient_EDU_SWKIM/DESKTOP-6U9KMHF:edu_swkim: registering service...
2025-02-20T19:43:56.437+09:00  INFO 12304 --- [edu_swkim] [           main] com.mobigen.edu.EduApplicationTests      : Started EduApplicationTests in 14.961 seconds (process running for 19.175)
2025-02-20T19:43:56.647+09:00  INFO 12304 --- [edu_swkim] [foReplicator-%d] com.netflix.discovery.DiscoveryClient    : DiscoveryClient_EDU_SWKIM/DESKTOP-6U9KMHF:edu_swkim - registration status: 204
]]></system-out>
    <system-err><![CDATA[Mockito is currently self-attaching to enable the inline-mock-maker. This will no longer work in future releases of the JDK. Please add Mockito as an agent to your build what is described in Mockito's documentation: https://javadoc.io/doc/org.mockito/mockito-core/latest/org/mockito/Mockito.html#0.3
WARNING: A Java agent has been loaded dynamically (C:\Users\kim\.m2\repository\net\bytebuddy\byte-buddy-agent\1.15.11\byte-buddy-agent-1.15.11.jar)
WARNING: If a serviceability tool is in use, please run with -XX:+EnableDynamicAgentLoading to hide this warning
WARNING: If a serviceability tool is not in use, please run with -Djdk.instrument.traceUsage for more information
WARNING: Dynamic loading of agents will be disallowed by default in a future release
]]></system-err>
  </testcase>
</testsuite>